<?xml version="1.0" encoding="UTF-8"?>
<!-- Generated by org.testng.reporters.JUnitXMLReporter -->
<testsuite ignored="0" hostname="DESKTOP-MSN7N8U" failures="0" tests="3" name="Default test" time="10.446" errors="0" timestamp="2022-09-06T23:49:25 EDT">
  <testcase classname="com.qa.practice.testcases.LoginPageTest" name="paymentLogoTest" time="0.072"/>
  <testcase classname="com.qa.practice.testcases.LoginPageTest" name="phpLogoTest" time="0.083"/>
  <testcase classname="com.qa.practice.testcases.LoginPageTest" name="validLoginAfterTest" time="2.768"/>
</testsuite> <!-- Default test -->
