<?xml version="1.0" encoding="UTF-8"?>
<!-- Generated by org.testng.reporters.JUnitXMLReporter -->
<testsuite ignored="0" hostname="DESKTOP-MSN7N8U" failures="0" tests="4" name="Default test" time="34.675" errors="0" timestamp="2022-09-07T13:40:08 EDT">
  <testcase classname="com.qa.practice.testcases.DashBoardTest" name="LogOutButtonTest" time="0.59"/>
  <testcase classname="com.qa.practice.testcases.DashBoardTest" name="dashFundTest" time="0.568"/>
  <testcase classname="com.qa.practice.testcases.DashBoardTest" name="dashMyBookingTest" time="0.58"/>
  <testcase classname="com.qa.practice.testcases.DashBoardTest" name="dashMyProfileTest" time="0.574"/>
</testsuite> <!-- Default test -->
