<?xml version="1.0" encoding="UTF-8"?>
<testng-results ignored="0" total="4" passed="4" failed="0" skipped="0">
  <reporter-output>
  </reporter-output>
  <suite started-at="2022-09-07T13:39:33 EDT" name="Default suite" finished-at="2022-09-07T13:40:08 EDT" duration-ms="34675">
    <groups>
    </groups>
    <test started-at="2022-09-07T13:39:33 EDT" name="Default test" finished-at="2022-09-07T13:40:08 EDT" duration-ms="34675">
      <class name="com.qa.practice.testcases.DashBoardTest">
        <test-method is-config="true" signature="setup()[pri:0, instance:com.qa.practice.testcases.DashBoardTest@1e04fa0a]" started-at="2022-09-07T13:39:33 EDT" name="setup" finished-at="2022-09-07T13:39:39 EDT" duration-ms="5740" status="PASS">
          <reporter-output>
          </reporter-output>
        </test-method> <!-- setup -->
        <test-method signature="LogOutButtonTest()[pri:0, instance:com.qa.practice.testcases.DashBoardTest@1e04fa0a]" started-at="2022-09-07T13:39:39 EDT" name="LogOutButtonTest" finished-at="2022-09-07T13:39:39 EDT" duration-ms="590" status="PASS">
          <reporter-output>
          </reporter-output>
        </test-method> <!-- LogOutButtonTest -->
        <test-method is-config="true" signature="teardown()[pri:0, instance:com.qa.practice.testcases.DashBoardTest@1e04fa0a]" started-at="2022-09-07T13:39:39 EDT" name="teardown" finished-at="2022-09-07T13:39:43 EDT" duration-ms="3256" status="PASS">
          <reporter-output>
          </reporter-output>
        </test-method> <!-- teardown -->
        <test-method is-config="true" signature="setup()[pri:0, instance:com.qa.practice.testcases.DashBoardTest@1e04fa0a]" started-at="2022-09-07T13:39:43 EDT" name="setup" finished-at="2022-09-07T13:39:48 EDT" duration-ms="4934" status="PASS">
          <reporter-output>
          </reporter-output>
        </test-method> <!-- setup -->
        <test-method signature="dashFundTest()[pri:0, instance:com.qa.practice.testcases.DashBoardTest@1e04fa0a]" started-at="2022-09-07T13:39:48 EDT" name="dashFundTest" finished-at="2022-09-07T13:39:48 EDT" duration-ms="568" status="PASS">
          <reporter-output>
          </reporter-output>
        </test-method> <!-- dashFundTest -->
        <test-method is-config="true" signature="teardown()[pri:0, instance:com.qa.practice.testcases.DashBoardTest@1e04fa0a]" started-at="2022-09-07T13:39:48 EDT" name="teardown" finished-at="2022-09-07T13:39:51 EDT" duration-ms="3183" status="PASS">
          <reporter-output>
          </reporter-output>
        </test-method> <!-- teardown -->
        <test-method is-config="true" signature="setup()[pri:0, instance:com.qa.practice.testcases.DashBoardTest@1e04fa0a]" started-at="2022-09-07T13:39:51 EDT" name="setup" finished-at="2022-09-07T13:39:56 EDT" duration-ms="4394" status="PASS">
          <reporter-output>
          </reporter-output>
        </test-method> <!-- setup -->
        <test-method signature="dashMyBookingTest()[pri:0, instance:com.qa.practice.testcases.DashBoardTest@1e04fa0a]" started-at="2022-09-07T13:39:56 EDT" name="dashMyBookingTest" finished-at="2022-09-07T13:39:56 EDT" duration-ms="580" status="PASS">
          <reporter-output>
          </reporter-output>
        </test-method> <!-- dashMyBookingTest -->
        <test-method is-config="true" signature="teardown()[pri:0, instance:com.qa.practice.testcases.DashBoardTest@1e04fa0a]" started-at="2022-09-07T13:39:56 EDT" name="teardown" finished-at="2022-09-07T13:40:00 EDT" duration-ms="3193" status="PASS">
          <reporter-output>
          </reporter-output>
        </test-method> <!-- teardown -->
        <test-method is-config="true" signature="setup()[pri:0, instance:com.qa.practice.testcases.DashBoardTest@1e04fa0a]" started-at="2022-09-07T13:40:00 EDT" name="setup" finished-at="2022-09-07T13:40:04 EDT" duration-ms="4429" status="PASS">
          <reporter-output>
          </reporter-output>
        </test-method> <!-- setup -->
        <test-method signature="dashMyProfileTest()[pri:0, instance:com.qa.practice.testcases.DashBoardTest@1e04fa0a]" started-at="2022-09-07T13:40:04 EDT" name="dashMyProfileTest" finished-at="2022-09-07T13:40:05 EDT" duration-ms="574" status="PASS">
          <reporter-output>
          </reporter-output>
        </test-method> <!-- dashMyProfileTest -->
        <test-method is-config="true" signature="teardown()[pri:0, instance:com.qa.practice.testcases.DashBoardTest@1e04fa0a]" started-at="2022-09-07T13:40:05 EDT" name="teardown" finished-at="2022-09-07T13:40:08 EDT" duration-ms="3197" status="PASS">
          <reporter-output>
          </reporter-output>
        </test-method> <!-- teardown -->
      </class> <!-- com.qa.practice.testcases.DashBoardTest -->
    </test> <!-- Default test -->
  </suite> <!-- Default suite -->
</testng-results>
